<?xml version="1.0" encoding="UTF-8"?>
<!-- Generated by org.testng.reporters.JUnitXMLReporter -->
<testsuite ignored="2" hostname="DESKTOP-91HRFE0" failures="7" tests="14" name="Test" time="169.463" errors="0" timestamp="2023-01-24T15:38:12 IST">
  <testcase classname="Test.EventsPageTest" name="displayLogo" time="0.072"/>
  <testcase classname="Test.EventsPageTest" name="EventsAdd" time="66.606"/>
  <testcase classname="Test.EventsPageTest" name="EventsEdit" time="8.672"/>
  <testcase classname="Test.EventsPageTest" name="EventsDelete" time="5.158"/>
  <testcase classname="Test.EventsPageTest" name="PaginationTest" time="2.172">
    <failure type="org.openqa.selenium.ElementClickInterceptedException" message="element click intercepted: Element &amp;lt;li title=&amp;quot;3&amp;quot; class=&amp;quot;ant-pagination-item ant-pagination-item-3&amp;quot; tabindex=&amp;quot;0&amp;quot;&amp;gt;...&amp;lt;/li&amp;gt; is not clickable at point (1195, 596). Other element would receive the click: &amp;lt;div class=&amp;quot;ant-spin-container ant-spin-blur&amp;quot;&amp;gt;...&amp;lt;/div&amp;gt;
  (Session info: chrome=109.0.5414.75)
Build info: version: &amp;apos;4.4.0&amp;apos;, revision: &amp;apos;e5c75ed026a&amp;apos;
System info: host: &amp;apos;DESKTOP-91HRFE0&amp;apos;, ip: &amp;apos;20.0.6.40&amp;apos;, os.name: &amp;apos;Windows 10&amp;apos;, os.arch: &amp;apos;amd64&amp;apos;, os.version: &amp;apos;10.0&amp;apos;, java.version: &amp;apos;17.0.5&amp;apos;
Driver info: org.openqa.selenium.chrome.ChromeDriver
Command: [1d71ff8bf338ec470a9cd5da05780428, clickElement {id=4bebb2f2-50ea-411b-aa5e-621f46c26ed5}]
Capabilities {acceptInsecureCerts: false, browserName: chrome, browserVersion: 109.0.5414.75, chrome: {chromedriverVersion: 109.0.5414.74 (e7c5703604da..., userDataDir: C:\Users\BRIGOS~1\AppData\L...}, goog:chromeOptions: {debuggerAddress: localhost:58663}, networkConnectionEnabled: false, pageLoadStrategy: normal, platformName: WINDOWS, proxy: Proxy(), se:cdp: ws://localhost:58663/devtoo..., se:cdpVersion: 109.0.5414.75, setWindowRect: true, strictFileInteractability: false, timeouts: {implicit: 0, pageLoad: 300000, script: 30000}, unhandledPromptBehavior: dismiss and notify, webauthn:extension:credBlob: true, webauthn:extension:largeBlob: true, webauthn:virtualAuthenticators: true}
Element: [[ChromeDriver: chrome on WINDOWS (1d71ff8bf338ec470a9cd5da05780428)] -&amp;gt; xpath: //li[@class=&amp;apos;ant-pagination-item ant-pagination-item-3&amp;apos;]]
Session ID: 1d71ff8bf338ec470a9cd5da05780428">
      <![CDATA[org.openqa.selenium.ElementClickInterceptedException: element click intercepted: Element <li title="3" class="ant-pagination-item ant-pagination-item-3" tabindex="0">...</li> is not clickable at point (1195, 596). Other element would receive the click: <div class="ant-spin-container ant-spin-blur">...</div>
  (Session info: chrome=109.0.5414.75)
Build info: version: '4.4.0', revision: 'e5c75ed026a'
System info: host: 'DESKTOP-91HRFE0', ip: '20.0.6.40', os.name: 'Windows 10', os.arch: 'amd64', os.version: '10.0', java.version: '17.0.5'
Driver info: org.openqa.selenium.chrome.ChromeDriver
Command: [1d71ff8bf338ec470a9cd5da05780428, clickElement {id=4bebb2f2-50ea-411b-aa5e-621f46c26ed5}]
Capabilities {acceptInsecureCerts: false, browserName: chrome, browserVersion: 109.0.5414.75, chrome: {chromedriverVersion: 109.0.5414.74 (e7c5703604da..., userDataDir: C:\Users\BRIGOS~1\AppData\L...}, goog:chromeOptions: {debuggerAddress: localhost:58663}, networkConnectionEnabled: false, pageLoadStrategy: normal, platformName: WINDOWS, proxy: Proxy(), se:cdp: ws://localhost:58663/devtoo..., se:cdpVersion: 109.0.5414.75, setWindowRect: true, strictFileInteractability: false, timeouts: {implicit: 0, pageLoad: 300000, script: 30000}, unhandledPromptBehavior: dismiss and notify, webauthn:extension:credBlob: true, webauthn:extension:largeBlob: true, webauthn:virtualAuthenticators: true}
Element: [[ChromeDriver: chrome on WINDOWS (1d71ff8bf338ec470a9cd5da05780428)] -> xpath: //li[@class='ant-pagination-item ant-pagination-item-3']]
Session ID: 1d71ff8bf338ec470a9cd5da05780428
at org.openqa.selenium.remote.codec.w3c.W3CHttpResponseCodec.createException(W3CHttpResponseCodec.java:200)
at org.openqa.selenium.remote.codec.w3c.W3CHttpResponseCodec.decode(W3CHttpResponseCodec.java:133)
at org.openqa.selenium.remote.codec.w3c.W3CHttpResponseCodec.decode(W3CHttpResponseCodec.java:53)
at org.openqa.selenium.remote.HttpCommandExecutor.execute(HttpCommandExecutor.java:184)
at org.openqa.selenium.remote.service.DriverCommandExecutor.invokeExecute(DriverCommandExecutor.java:167)
at org.openqa.selenium.remote.service.DriverCommandExecutor.execute(DriverCommandExecutor.java:142)
at org.openqa.selenium.remote.RemoteWebDriver.execute(RemoteWebDriver.java:547)
at org.openqa.selenium.remote.RemoteWebElement.execute(RemoteWebElement.java:257)
at org.openqa.selenium.remote.RemoteWebElement.click(RemoteWebElement.java:78)
at org.openqa.selenium.support.pagefactory.internal.LocatingElementHandler.invoke(LocatingElementHandler.java:52)
at jdk.proxy2/jdk.proxy2.$Proxy16.click(Unknown Source)
at PageOrder.EventsPage.pagination(EventsPage.java:195)
at Test.EventsPageTest.PaginationTest(EventsPageTest.java:40)
at java.base/java.util.ArrayList.forEach(ArrayList.java:1511)
... Removed 36 stack frames]]>
    </failure>
  </testcase> <!-- PaginationTest -->
  <testcase classname="Test.EMagazinePageTest" name="enteringMagazinePage" time="3.22"/>
  <testcase classname="Test.EMagazinePageTest" name="addingMagazine" time="50.876"/>
  <testcase classname="Test.EMagazinePageTest" name="editingMagazine" time="6.967"/>
  <testcase classname="Test.EMagazinePageTest" name="deleteMagazine" time="1.132">
    <failure type="org.openqa.selenium.ElementClickInterceptedException" message="element click intercepted: Element &amp;lt;div class=&amp;quot;deleteBtn&amp;quot;&amp;gt;...&amp;lt;/div&amp;gt; is not clickable at point (1136, 173). Other element would receive the click: &amp;lt;div tabindex=&amp;quot;-1&amp;quot; class=&amp;quot;ant-modal-wrap&amp;quot;&amp;gt;...&amp;lt;/div&amp;gt;
  (Session info: chrome=109.0.5414.75)
Build info: version: &amp;apos;4.4.0&amp;apos;, revision: &amp;apos;e5c75ed026a&amp;apos;
System info: host: &amp;apos;DESKTOP-91HRFE0&amp;apos;, ip: &amp;apos;20.0.6.40&amp;apos;, os.name: &amp;apos;Windows 10&amp;apos;, os.arch: &amp;apos;amd64&amp;apos;, os.version: &amp;apos;10.0&amp;apos;, java.version: &amp;apos;17.0.5&amp;apos;
Driver info: org.openqa.selenium.chrome.ChromeDriver
Command: [1d71ff8bf338ec470a9cd5da05780428, clickElement {id=cfb7ed67-7a85-471b-8815-096e822f8617}]
Capabilities {acceptInsecureCerts: false, browserName: chrome, browserVersion: 109.0.5414.75, chrome: {chromedriverVersion: 109.0.5414.74 (e7c5703604da..., userDataDir: C:\Users\BRIGOS~1\AppData\L...}, goog:chromeOptions: {debuggerAddress: localhost:58663}, networkConnectionEnabled: false, pageLoadStrategy: normal, platformName: WINDOWS, proxy: Proxy(), se:cdp: ws://localhost:58663/devtoo..., se:cdpVersion: 109.0.5414.75, setWindowRect: true, strictFileInteractability: false, timeouts: {implicit: 0, pageLoad: 300000, script: 30000}, unhandledPromptBehavior: dismiss and notify, webauthn:extension:credBlob: true, webauthn:extension:largeBlob: true, webauthn:virtualAuthenticators: true}
Element: [[ChromeDriver: chrome on WINDOWS (1d71ff8bf338ec470a9cd5da05780428)] -&amp;gt; xpath: (//div[@class=&amp;apos;deleteBtn&amp;apos;])[1]]
Session ID: 1d71ff8bf338ec470a9cd5da05780428">
      <![CDATA[org.openqa.selenium.ElementClickInterceptedException: element click intercepted: Element <div class="deleteBtn">...</div> is not clickable at point (1136, 173). Other element would receive the click: <div tabindex="-1" class="ant-modal-wrap">...</div>
  (Session info: chrome=109.0.5414.75)
Build info: version: '4.4.0', revision: 'e5c75ed026a'
System info: host: 'DESKTOP-91HRFE0', ip: '20.0.6.40', os.name: 'Windows 10', os.arch: 'amd64', os.version: '10.0', java.version: '17.0.5'
Driver info: org.openqa.selenium.chrome.ChromeDriver
Command: [1d71ff8bf338ec470a9cd5da05780428, clickElement {id=cfb7ed67-7a85-471b-8815-096e822f8617}]
Capabilities {acceptInsecureCerts: false, browserName: chrome, browserVersion: 109.0.5414.75, chrome: {chromedriverVersion: 109.0.5414.74 (e7c5703604da..., userDataDir: C:\Users\BRIGOS~1\AppData\L...}, goog:chromeOptions: {debuggerAddress: localhost:58663}, networkConnectionEnabled: false, pageLoadStrategy: normal, platformName: WINDOWS, proxy: Proxy(), se:cdp: ws://localhost:58663/devtoo..., se:cdpVersion: 109.0.5414.75, setWindowRect: true, strictFileInteractability: false, timeouts: {implicit: 0, pageLoad: 300000, script: 30000}, unhandledPromptBehavior: dismiss and notify, webauthn:extension:credBlob: true, webauthn:extension:largeBlob: true, webauthn:virtualAuthenticators: true}
Element: [[ChromeDriver: chrome on WINDOWS (1d71ff8bf338ec470a9cd5da05780428)] -> xpath: (//div[@class='deleteBtn'])[1]]
Session ID: 1d71ff8bf338ec470a9cd5da05780428
at org.openqa.selenium.remote.codec.w3c.W3CHttpResponseCodec.createException(W3CHttpResponseCodec.java:200)
at org.openqa.selenium.remote.codec.w3c.W3CHttpResponseCodec.decode(W3CHttpResponseCodec.java:133)
at org.openqa.selenium.remote.codec.w3c.W3CHttpResponseCodec.decode(W3CHttpResponseCodec.java:53)
at org.openqa.selenium.remote.HttpCommandExecutor.execute(HttpCommandExecutor.java:184)
at org.openqa.selenium.remote.service.DriverCommandExecutor.invokeExecute(DriverCommandExecutor.java:167)
at org.openqa.selenium.remote.service.DriverCommandExecutor.execute(DriverCommandExecutor.java:142)
at org.openqa.selenium.remote.RemoteWebDriver.execute(RemoteWebDriver.java:547)
at org.openqa.selenium.remote.RemoteWebElement.execute(RemoteWebElement.java:257)
at org.openqa.selenium.remote.RemoteWebElement.click(RemoteWebElement.java:78)
at org.openqa.selenium.support.pagefactory.internal.LocatingElementHandler.invoke(LocatingElementHandler.java:52)
at jdk.proxy2/jdk.proxy2.$Proxy16.click(Unknown Source)
at PageOrder.EMagazinePage.DeleteMagazine(EMagazinePage.java:155)
at Test.EMagazinePageTest.deleteMagazine(EMagazinePageTest.java:31)
at java.base/java.util.ArrayList.forEach(ArrayList.java:1511)
... Removed 36 stack frames]]>
    </failure>
  </testcase> <!-- deleteMagazine -->
  <testcase classname="Test.EMagazinePageTest" name="paginationTest" time="1.074">
    <failure type="org.openqa.selenium.ElementClickInterceptedException" message="element click intercepted: Element &amp;lt;button class=&amp;quot;ant-pagination-item-link&amp;quot; type=&amp;quot;button&amp;quot; tabindex=&amp;quot;-1&amp;quot;&amp;gt;...&amp;lt;/button&amp;gt; is not clickable at point (1315, 579). Other element would receive the click: &amp;lt;div tabindex=&amp;quot;-1&amp;quot; class=&amp;quot;ant-modal-wrap&amp;quot;&amp;gt;...&amp;lt;/div&amp;gt;
  (Session info: chrome=109.0.5414.75)
Build info: version: &amp;apos;4.4.0&amp;apos;, revision: &amp;apos;e5c75ed026a&amp;apos;
System info: host: &amp;apos;DESKTOP-91HRFE0&amp;apos;, ip: &amp;apos;20.0.6.40&amp;apos;, os.name: &amp;apos;Windows 10&amp;apos;, os.arch: &amp;apos;amd64&amp;apos;, os.version: &amp;apos;10.0&amp;apos;, java.version: &amp;apos;17.0.5&amp;apos;
Driver info: org.openqa.selenium.chrome.ChromeDriver
Command: [1d71ff8bf338ec470a9cd5da05780428, clickElement {id=ea526219-6674-4348-ada2-4d48bf9add6e}]
Capabilities {acceptInsecureCerts: false, browserName: chrome, browserVersion: 109.0.5414.75, chrome: {chromedriverVersion: 109.0.5414.74 (e7c5703604da..., userDataDir: C:\Users\BRIGOS~1\AppData\L...}, goog:chromeOptions: {debuggerAddress: localhost:58663}, networkConnectionEnabled: false, pageLoadStrategy: normal, platformName: WINDOWS, proxy: Proxy(), se:cdp: ws://localhost:58663/devtoo..., se:cdpVersion: 109.0.5414.75, setWindowRect: true, strictFileInteractability: false, timeouts: {implicit: 0, pageLoad: 300000, script: 30000}, unhandledPromptBehavior: dismiss and notify, webauthn:extension:credBlob: true, webauthn:extension:largeBlob: true, webauthn:virtualAuthenticators: true}
Element: [[ChromeDriver: chrome on WINDOWS (1d71ff8bf338ec470a9cd5da05780428)] -&amp;gt; xpath: (//button[@class=&amp;apos;ant-pagination-item-link&amp;apos;])[2]]
Session ID: 1d71ff8bf338ec470a9cd5da05780428">
      <![CDATA[org.openqa.selenium.ElementClickInterceptedException: element click intercepted: Element <button class="ant-pagination-item-link" type="button" tabindex="-1">...</button> is not clickable at point (1315, 579). Other element would receive the click: <div tabindex="-1" class="ant-modal-wrap">...</div>
  (Session info: chrome=109.0.5414.75)
Build info: version: '4.4.0', revision: 'e5c75ed026a'
System info: host: 'DESKTOP-91HRFE0', ip: '20.0.6.40', os.name: 'Windows 10', os.arch: 'amd64', os.version: '10.0', java.version: '17.0.5'
Driver info: org.openqa.selenium.chrome.ChromeDriver
Command: [1d71ff8bf338ec470a9cd5da05780428, clickElement {id=ea526219-6674-4348-ada2-4d48bf9add6e}]
Capabilities {acceptInsecureCerts: false, browserName: chrome, browserVersion: 109.0.5414.75, chrome: {chromedriverVersion: 109.0.5414.74 (e7c5703604da..., userDataDir: C:\Users\BRIGOS~1\AppData\L...}, goog:chromeOptions: {debuggerAddress: localhost:58663}, networkConnectionEnabled: false, pageLoadStrategy: normal, platformName: WINDOWS, proxy: Proxy(), se:cdp: ws://localhost:58663/devtoo..., se:cdpVersion: 109.0.5414.75, setWindowRect: true, strictFileInteractability: false, timeouts: {implicit: 0, pageLoad: 300000, script: 30000}, unhandledPromptBehavior: dismiss and notify, webauthn:extension:credBlob: true, webauthn:extension:largeBlob: true, webauthn:virtualAuthenticators: true}
Element: [[ChromeDriver: chrome on WINDOWS (1d71ff8bf338ec470a9cd5da05780428)] -> xpath: (//button[@class='ant-pagination-item-link'])[2]]
Session ID: 1d71ff8bf338ec470a9cd5da05780428
at org.openqa.selenium.remote.codec.w3c.W3CHttpResponseCodec.createException(W3CHttpResponseCodec.java:200)
at org.openqa.selenium.remote.codec.w3c.W3CHttpResponseCodec.decode(W3CHttpResponseCodec.java:133)
at org.openqa.selenium.remote.codec.w3c.W3CHttpResponseCodec.decode(W3CHttpResponseCodec.java:53)
at org.openqa.selenium.remote.HttpCommandExecutor.execute(HttpCommandExecutor.java:184)
at org.openqa.selenium.remote.service.DriverCommandExecutor.invokeExecute(DriverCommandExecutor.java:167)
at org.openqa.selenium.remote.service.DriverCommandExecutor.execute(DriverCommandExecutor.java:142)
at org.openqa.selenium.remote.RemoteWebDriver.execute(RemoteWebDriver.java:547)
at org.openqa.selenium.remote.RemoteWebElement.execute(RemoteWebElement.java:257)
at org.openqa.selenium.remote.RemoteWebElement.click(RemoteWebElement.java:78)
at PageOrder.EMagazinePage.Nextpagination(EMagazinePage.java:166)
at Test.EMagazinePageTest.paginationTest(EMagazinePageTest.java:36)
at java.base/java.util.ArrayList.forEach(ArrayList.java:1511)
... Removed 32 stack frames]]>
    </failure>
  </testcase> <!-- paginationTest -->
  <testcase classname="Test.LocationPageTest" name="enteringLoc" time="20.035">
    <failure type="org.openqa.selenium.NoSuchElementException" message="no such element: Unable to locate element: {&amp;quot;method&amp;quot;:&amp;quot;xpath&amp;quot;,&amp;quot;selector&amp;quot;:&amp;quot;LocationPage&amp;quot;}
  (Session info: chrome=109.0.5414.75)
For documentation on this error, please visit: https://selenium.dev/exceptions/#no_such_element
Build info: version: &amp;apos;4.4.0&amp;apos;, revision: &amp;apos;e5c75ed026a&amp;apos;
System info: host: &amp;apos;DESKTOP-91HRFE0&amp;apos;, ip: &amp;apos;20.0.6.40&amp;apos;, os.name: &amp;apos;Windows 10&amp;apos;, os.arch: &amp;apos;amd64&amp;apos;, os.version: &amp;apos;10.0&amp;apos;, java.version: &amp;apos;17.0.5&amp;apos;
Driver info: org.openqa.selenium.chrome.ChromeDriver
Command: [1d71ff8bf338ec470a9cd5da05780428, findElement {using=xpath, value=LocationPage}]
Capabilities {acceptInsecureCerts: false, browserName: chrome, browserVersion: 109.0.5414.75, chrome: {chromedriverVersion: 109.0.5414.74 (e7c5703604da..., userDataDir: C:\Users\BRIGOS~1\AppData\L...}, goog:chromeOptions: {debuggerAddress: localhost:58663}, networkConnectionEnabled: false, pageLoadStrategy: normal, platformName: WINDOWS, proxy: Proxy(), se:cdp: ws://localhost:58663/devtoo..., se:cdpVersion: 109.0.5414.75, setWindowRect: true, strictFileInteractability: false, timeouts: {implicit: 0, pageLoad: 300000, script: 30000}, unhandledPromptBehavior: dismiss and notify, webauthn:extension:credBlob: true, webauthn:extension:largeBlob: true, webauthn:virtualAuthenticators: true}
Session ID: 1d71ff8bf338ec470a9cd5da05780428">
      <![CDATA[org.openqa.selenium.NoSuchElementException: no such element: Unable to locate element: {"method":"xpath","selector":"LocationPage"}
  (Session info: chrome=109.0.5414.75)
For documentation on this error, please visit: https://selenium.dev/exceptions/#no_such_element
Build info: version: '4.4.0', revision: 'e5c75ed026a'
System info: host: 'DESKTOP-91HRFE0', ip: '20.0.6.40', os.name: 'Windows 10', os.arch: 'amd64', os.version: '10.0', java.version: '17.0.5'
Driver info: org.openqa.selenium.chrome.ChromeDriver
Command: [1d71ff8bf338ec470a9cd5da05780428, findElement {using=xpath, value=LocationPage}]
Capabilities {acceptInsecureCerts: false, browserName: chrome, browserVersion: 109.0.5414.75, chrome: {chromedriverVersion: 109.0.5414.74 (e7c5703604da..., userDataDir: C:\Users\BRIGOS~1\AppData\L...}, goog:chromeOptions: {debuggerAddress: localhost:58663}, networkConnectionEnabled: false, pageLoadStrategy: normal, platformName: WINDOWS, proxy: Proxy(), se:cdp: ws://localhost:58663/devtoo..., se:cdpVersion: 109.0.5414.75, setWindowRect: true, strictFileInteractability: false, timeouts: {implicit: 0, pageLoad: 300000, script: 30000}, unhandledPromptBehavior: dismiss and notify, webauthn:extension:credBlob: true, webauthn:extension:largeBlob: true, webauthn:virtualAuthenticators: true}
Session ID: 1d71ff8bf338ec470a9cd5da05780428
at org.openqa.selenium.remote.codec.w3c.W3CHttpResponseCodec.createException(W3CHttpResponseCodec.java:200)
at org.openqa.selenium.remote.codec.w3c.W3CHttpResponseCodec.decode(W3CHttpResponseCodec.java:133)
at org.openqa.selenium.remote.codec.w3c.W3CHttpResponseCodec.decode(W3CHttpResponseCodec.java:53)
at org.openqa.selenium.remote.HttpCommandExecutor.execute(HttpCommandExecutor.java:184)
at org.openqa.selenium.remote.service.DriverCommandExecutor.invokeExecute(DriverCommandExecutor.java:167)
at org.openqa.selenium.remote.service.DriverCommandExecutor.execute(DriverCommandExecutor.java:142)
at org.openqa.selenium.remote.RemoteWebDriver.execute(RemoteWebDriver.java:547)
at org.openqa.selenium.remote.ElementLocation$ElementFinder$2.findElement(ElementLocation.java:162)
at org.openqa.selenium.remote.ElementLocation.findElement(ElementLocation.java:60)
at org.openqa.selenium.remote.RemoteWebDriver.findElement(RemoteWebDriver.java:365)
at org.openqa.selenium.remote.RemoteWebDriver.findElement(RemoteWebDriver.java:357)
at org.openqa.selenium.support.pagefactory.DefaultElementLocator.findElement(DefaultElementLocator.java:70)
at org.openqa.selenium.support.pagefactory.internal.LocatingElementHandler.invoke(LocatingElementHandler.java:39)
at jdk.proxy2/jdk.proxy2.$Proxy16.click(Unknown Source)
at PageOrder.LocationPage.LocationMod(LocationPage.java:52)
at Test.LocationPageTest.enteringLoc(LocationPageTest.java:11)
at java.base/java.util.ArrayList.forEach(ArrayList.java:1511)
... Removed 32 stack frames]]>
    </failure>
  </testcase> <!-- enteringLoc -->
  <testcase classname="Test.LocationPageTest" name="Editloc" time="1.072">
    <failure type="org.openqa.selenium.ElementClickInterceptedException" message="element click intercepted: Element &amp;lt;div class=&amp;quot;editBtn&amp;quot;&amp;gt;...&amp;lt;/div&amp;gt; is not clickable at point (1058, 173). Other element would receive the click: &amp;lt;div tabindex=&amp;quot;-1&amp;quot; class=&amp;quot;ant-modal-wrap&amp;quot;&amp;gt;...&amp;lt;/div&amp;gt;
  (Session info: chrome=109.0.5414.75)
Build info: version: &amp;apos;4.4.0&amp;apos;, revision: &amp;apos;e5c75ed026a&amp;apos;
System info: host: &amp;apos;DESKTOP-91HRFE0&amp;apos;, ip: &amp;apos;20.0.6.40&amp;apos;, os.name: &amp;apos;Windows 10&amp;apos;, os.arch: &amp;apos;amd64&amp;apos;, os.version: &amp;apos;10.0&amp;apos;, java.version: &amp;apos;17.0.5&amp;apos;
Driver info: org.openqa.selenium.chrome.ChromeDriver
Command: [1d71ff8bf338ec470a9cd5da05780428, clickElement {id=99b393d8-2cf2-428c-a893-842b83d7211a}]
Capabilities {acceptInsecureCerts: false, browserName: chrome, browserVersion: 109.0.5414.75, chrome: {chromedriverVersion: 109.0.5414.74 (e7c5703604da..., userDataDir: C:\Users\BRIGOS~1\AppData\L...}, goog:chromeOptions: {debuggerAddress: localhost:58663}, networkConnectionEnabled: false, pageLoadStrategy: normal, platformName: WINDOWS, proxy: Proxy(), se:cdp: ws://localhost:58663/devtoo..., se:cdpVersion: 109.0.5414.75, setWindowRect: true, strictFileInteractability: false, timeouts: {implicit: 0, pageLoad: 300000, script: 30000}, unhandledPromptBehavior: dismiss and notify, webauthn:extension:credBlob: true, webauthn:extension:largeBlob: true, webauthn:virtualAuthenticators: true}
Element: [[ChromeDriver: chrome on WINDOWS (1d71ff8bf338ec470a9cd5da05780428)] -&amp;gt; xpath: (//div[@class=&amp;apos;editBtn&amp;apos;])[1]]
Session ID: 1d71ff8bf338ec470a9cd5da05780428">
      <![CDATA[org.openqa.selenium.ElementClickInterceptedException: element click intercepted: Element <div class="editBtn">...</div> is not clickable at point (1058, 173). Other element would receive the click: <div tabindex="-1" class="ant-modal-wrap">...</div>
  (Session info: chrome=109.0.5414.75)
Build info: version: '4.4.0', revision: 'e5c75ed026a'
System info: host: 'DESKTOP-91HRFE0', ip: '20.0.6.40', os.name: 'Windows 10', os.arch: 'amd64', os.version: '10.0', java.version: '17.0.5'
Driver info: org.openqa.selenium.chrome.ChromeDriver
Command: [1d71ff8bf338ec470a9cd5da05780428, clickElement {id=99b393d8-2cf2-428c-a893-842b83d7211a}]
Capabilities {acceptInsecureCerts: false, browserName: chrome, browserVersion: 109.0.5414.75, chrome: {chromedriverVersion: 109.0.5414.74 (e7c5703604da..., userDataDir: C:\Users\BRIGOS~1\AppData\L...}, goog:chromeOptions: {debuggerAddress: localhost:58663}, networkConnectionEnabled: false, pageLoadStrategy: normal, platformName: WINDOWS, proxy: Proxy(), se:cdp: ws://localhost:58663/devtoo..., se:cdpVersion: 109.0.5414.75, setWindowRect: true, strictFileInteractability: false, timeouts: {implicit: 0, pageLoad: 300000, script: 30000}, unhandledPromptBehavior: dismiss and notify, webauthn:extension:credBlob: true, webauthn:extension:largeBlob: true, webauthn:virtualAuthenticators: true}
Element: [[ChromeDriver: chrome on WINDOWS (1d71ff8bf338ec470a9cd5da05780428)] -> xpath: (//div[@class='editBtn'])[1]]
Session ID: 1d71ff8bf338ec470a9cd5da05780428
at org.openqa.selenium.remote.codec.w3c.W3CHttpResponseCodec.createException(W3CHttpResponseCodec.java:200)
at org.openqa.selenium.remote.codec.w3c.W3CHttpResponseCodec.decode(W3CHttpResponseCodec.java:133)
at org.openqa.selenium.remote.codec.w3c.W3CHttpResponseCodec.decode(W3CHttpResponseCodec.java:53)
at org.openqa.selenium.remote.HttpCommandExecutor.execute(HttpCommandExecutor.java:184)
at org.openqa.selenium.remote.service.DriverCommandExecutor.invokeExecute(DriverCommandExecutor.java:167)
at org.openqa.selenium.remote.service.DriverCommandExecutor.execute(DriverCommandExecutor.java:142)
at org.openqa.selenium.remote.RemoteWebDriver.execute(RemoteWebDriver.java:547)
at org.openqa.selenium.remote.RemoteWebElement.execute(RemoteWebElement.java:257)
at org.openqa.selenium.remote.RemoteWebElement.click(RemoteWebElement.java:78)
at org.openqa.selenium.support.pagefactory.internal.LocatingElementHandler.invoke(LocatingElementHandler.java:52)
at jdk.proxy2/jdk.proxy2.$Proxy16.click(Unknown Source)
at PageOrder.LocationPage.editLocation(LocationPage.java:93)
at Test.LocationPageTest.Editloc(LocationPageTest.java:21)
at java.base/java.util.ArrayList.forEach(ArrayList.java:1511)
... Removed 36 stack frames]]>
    </failure>
  </testcase> <!-- Editloc -->
  <testcase classname="Test.LocationPageTest" name="deleteLoc" time="1.06">
    <failure type="org.openqa.selenium.ElementClickInterceptedException" message="element click intercepted: Element &amp;lt;div class=&amp;quot;deleteBtn&amp;quot;&amp;gt;...&amp;lt;/div&amp;gt; is not clickable at point (1136, 173). Other element would receive the click: &amp;lt;div tabindex=&amp;quot;-1&amp;quot; class=&amp;quot;ant-modal-wrap&amp;quot;&amp;gt;...&amp;lt;/div&amp;gt;
  (Session info: chrome=109.0.5414.75)
Build info: version: &amp;apos;4.4.0&amp;apos;, revision: &amp;apos;e5c75ed026a&amp;apos;
System info: host: &amp;apos;DESKTOP-91HRFE0&amp;apos;, ip: &amp;apos;20.0.6.40&amp;apos;, os.name: &amp;apos;Windows 10&amp;apos;, os.arch: &amp;apos;amd64&amp;apos;, os.version: &amp;apos;10.0&amp;apos;, java.version: &amp;apos;17.0.5&amp;apos;
Driver info: org.openqa.selenium.chrome.ChromeDriver
Command: [1d71ff8bf338ec470a9cd5da05780428, clickElement {id=cfb7ed67-7a85-471b-8815-096e822f8617}]
Capabilities {acceptInsecureCerts: false, browserName: chrome, browserVersion: 109.0.5414.75, chrome: {chromedriverVersion: 109.0.5414.74 (e7c5703604da..., userDataDir: C:\Users\BRIGOS~1\AppData\L...}, goog:chromeOptions: {debuggerAddress: localhost:58663}, networkConnectionEnabled: false, pageLoadStrategy: normal, platformName: WINDOWS, proxy: Proxy(), se:cdp: ws://localhost:58663/devtoo..., se:cdpVersion: 109.0.5414.75, setWindowRect: true, strictFileInteractability: false, timeouts: {implicit: 0, pageLoad: 300000, script: 30000}, unhandledPromptBehavior: dismiss and notify, webauthn:extension:credBlob: true, webauthn:extension:largeBlob: true, webauthn:virtualAuthenticators: true}
Element: [[ChromeDriver: chrome on WINDOWS (1d71ff8bf338ec470a9cd5da05780428)] -&amp;gt; xpath: (//div[@class=&amp;apos;deleteBtn&amp;apos;])[1]]
Session ID: 1d71ff8bf338ec470a9cd5da05780428">
      <![CDATA[org.openqa.selenium.ElementClickInterceptedException: element click intercepted: Element <div class="deleteBtn">...</div> is not clickable at point (1136, 173). Other element would receive the click: <div tabindex="-1" class="ant-modal-wrap">...</div>
  (Session info: chrome=109.0.5414.75)
Build info: version: '4.4.0', revision: 'e5c75ed026a'
System info: host: 'DESKTOP-91HRFE0', ip: '20.0.6.40', os.name: 'Windows 10', os.arch: 'amd64', os.version: '10.0', java.version: '17.0.5'
Driver info: org.openqa.selenium.chrome.ChromeDriver
Command: [1d71ff8bf338ec470a9cd5da05780428, clickElement {id=cfb7ed67-7a85-471b-8815-096e822f8617}]
Capabilities {acceptInsecureCerts: false, browserName: chrome, browserVersion: 109.0.5414.75, chrome: {chromedriverVersion: 109.0.5414.74 (e7c5703604da..., userDataDir: C:\Users\BRIGOS~1\AppData\L...}, goog:chromeOptions: {debuggerAddress: localhost:58663}, networkConnectionEnabled: false, pageLoadStrategy: normal, platformName: WINDOWS, proxy: Proxy(), se:cdp: ws://localhost:58663/devtoo..., se:cdpVersion: 109.0.5414.75, setWindowRect: true, strictFileInteractability: false, timeouts: {implicit: 0, pageLoad: 300000, script: 30000}, unhandledPromptBehavior: dismiss and notify, webauthn:extension:credBlob: true, webauthn:extension:largeBlob: true, webauthn:virtualAuthenticators: true}
Element: [[ChromeDriver: chrome on WINDOWS (1d71ff8bf338ec470a9cd5da05780428)] -> xpath: (//div[@class='deleteBtn'])[1]]
Session ID: 1d71ff8bf338ec470a9cd5da05780428
at org.openqa.selenium.remote.codec.w3c.W3CHttpResponseCodec.createException(W3CHttpResponseCodec.java:200)
at org.openqa.selenium.remote.codec.w3c.W3CHttpResponseCodec.decode(W3CHttpResponseCodec.java:133)
at org.openqa.selenium.remote.codec.w3c.W3CHttpResponseCodec.decode(W3CHttpResponseCodec.java:53)
at org.openqa.selenium.remote.HttpCommandExecutor.execute(HttpCommandExecutor.java:184)
at org.openqa.selenium.remote.service.DriverCommandExecutor.invokeExecute(DriverCommandExecutor.java:167)
at org.openqa.selenium.remote.service.DriverCommandExecutor.execute(DriverCommandExecutor.java:142)
at org.openqa.selenium.remote.RemoteWebDriver.execute(RemoteWebDriver.java:547)
at org.openqa.selenium.remote.RemoteWebElement.execute(RemoteWebElement.java:257)
at org.openqa.selenium.remote.RemoteWebElement.click(RemoteWebElement.java:78)
at org.openqa.selenium.support.pagefactory.internal.LocatingElementHandler.invoke(LocatingElementHandler.java:52)
at jdk.proxy2/jdk.proxy2.$Proxy16.click(Unknown Source)
at PageOrder.LocationPage.deleteLoc(LocationPage.java:103)
at Test.LocationPageTest.deleteLoc(LocationPageTest.java:26)
at java.base/java.util.ArrayList.forEach(ArrayList.java:1511)
... Removed 36 stack frames]]>
    </failure>
  </testcase> <!-- deleteLoc -->
  <testcase classname="Test.LocationPageTest" name="paginationTest" time="1.106">
    <failure type="org.openqa.selenium.ElementClickInterceptedException" message="element click intercepted: Element &amp;lt;button class=&amp;quot;ant-pagination-item-link&amp;quot; type=&amp;quot;button&amp;quot; tabindex=&amp;quot;-1&amp;quot;&amp;gt;...&amp;lt;/button&amp;gt; is not clickable at point (1315, 579). Other element would receive the click: &amp;lt;div tabindex=&amp;quot;-1&amp;quot; class=&amp;quot;ant-modal-wrap&amp;quot;&amp;gt;...&amp;lt;/div&amp;gt;
  (Session info: chrome=109.0.5414.75)
Build info: version: &amp;apos;4.4.0&amp;apos;, revision: &amp;apos;e5c75ed026a&amp;apos;
System info: host: &amp;apos;DESKTOP-91HRFE0&amp;apos;, ip: &amp;apos;20.0.6.40&amp;apos;, os.name: &amp;apos;Windows 10&amp;apos;, os.arch: &amp;apos;amd64&amp;apos;, os.version: &amp;apos;10.0&amp;apos;, java.version: &amp;apos;17.0.5&amp;apos;
Driver info: org.openqa.selenium.chrome.ChromeDriver
Command: [1d71ff8bf338ec470a9cd5da05780428, clickElement {id=ea526219-6674-4348-ada2-4d48bf9add6e}]
Capabilities {acceptInsecureCerts: false, browserName: chrome, browserVersion: 109.0.5414.75, chrome: {chromedriverVersion: 109.0.5414.74 (e7c5703604da..., userDataDir: C:\Users\BRIGOS~1\AppData\L...}, goog:chromeOptions: {debuggerAddress: localhost:58663}, networkConnectionEnabled: false, pageLoadStrategy: normal, platformName: WINDOWS, proxy: Proxy(), se:cdp: ws://localhost:58663/devtoo..., se:cdpVersion: 109.0.5414.75, setWindowRect: true, strictFileInteractability: false, timeouts: {implicit: 0, pageLoad: 300000, script: 30000}, unhandledPromptBehavior: dismiss and notify, webauthn:extension:credBlob: true, webauthn:extension:largeBlob: true, webauthn:virtualAuthenticators: true}
Element: [[ChromeDriver: chrome on WINDOWS (1d71ff8bf338ec470a9cd5da05780428)] -&amp;gt; xpath: (//button[@class=&amp;apos;ant-pagination-item-link&amp;apos;])[2]]
Session ID: 1d71ff8bf338ec470a9cd5da05780428">
      <![CDATA[org.openqa.selenium.ElementClickInterceptedException: element click intercepted: Element <button class="ant-pagination-item-link" type="button" tabindex="-1">...</button> is not clickable at point (1315, 579). Other element would receive the click: <div tabindex="-1" class="ant-modal-wrap">...</div>
  (Session info: chrome=109.0.5414.75)
Build info: version: '4.4.0', revision: 'e5c75ed026a'
System info: host: 'DESKTOP-91HRFE0', ip: '20.0.6.40', os.name: 'Windows 10', os.arch: 'amd64', os.version: '10.0', java.version: '17.0.5'
Driver info: org.openqa.selenium.chrome.ChromeDriver
Command: [1d71ff8bf338ec470a9cd5da05780428, clickElement {id=ea526219-6674-4348-ada2-4d48bf9add6e}]
Capabilities {acceptInsecureCerts: false, browserName: chrome, browserVersion: 109.0.5414.75, chrome: {chromedriverVersion: 109.0.5414.74 (e7c5703604da..., userDataDir: C:\Users\BRIGOS~1\AppData\L...}, goog:chromeOptions: {debuggerAddress: localhost:58663}, networkConnectionEnabled: false, pageLoadStrategy: normal, platformName: WINDOWS, proxy: Proxy(), se:cdp: ws://localhost:58663/devtoo..., se:cdpVersion: 109.0.5414.75, setWindowRect: true, strictFileInteractability: false, timeouts: {implicit: 0, pageLoad: 300000, script: 30000}, unhandledPromptBehavior: dismiss and notify, webauthn:extension:credBlob: true, webauthn:extension:largeBlob: true, webauthn:virtualAuthenticators: true}
Element: [[ChromeDriver: chrome on WINDOWS (1d71ff8bf338ec470a9cd5da05780428)] -> xpath: (//button[@class='ant-pagination-item-link'])[2]]
Session ID: 1d71ff8bf338ec470a9cd5da05780428
at org.openqa.selenium.remote.codec.w3c.W3CHttpResponseCodec.createException(W3CHttpResponseCodec.java:200)
at org.openqa.selenium.remote.codec.w3c.W3CHttpResponseCodec.decode(W3CHttpResponseCodec.java:133)
at org.openqa.selenium.remote.codec.w3c.W3CHttpResponseCodec.decode(W3CHttpResponseCodec.java:53)
at org.openqa.selenium.remote.HttpCommandExecutor.execute(HttpCommandExecutor.java:184)
at org.openqa.selenium.remote.service.DriverCommandExecutor.invokeExecute(DriverCommandExecutor.java:167)
at org.openqa.selenium.remote.service.DriverCommandExecutor.execute(DriverCommandExecutor.java:142)
at org.openqa.selenium.remote.RemoteWebDriver.execute(RemoteWebDriver.java:547)
at org.openqa.selenium.remote.RemoteWebElement.execute(RemoteWebElement.java:257)
at org.openqa.selenium.remote.RemoteWebElement.click(RemoteWebElement.java:78)
at PageOrder.LocationPage.Nextpagination(LocationPage.java:113)
at Test.LocationPageTest.paginationTest(LocationPageTest.java:31)
at java.base/java.util.ArrayList.forEach(ArrayList.java:1511)
... Removed 32 stack frames]]>
    </failure>
  </testcase> <!-- paginationTest -->
  <testcase classname="BaseB.BaseT" name="@BeforeSuite initilization" time="0.0">
    <ignored/>
  </testcase> <!-- @BeforeSuite initilization -->
  <testcase classname="BaseB.BaseT" name="@BeforeSuite initilization" time="0.0">
    <ignored/>
  </testcase> <!-- @BeforeSuite initilization -->
</testsuite> <!-- Test -->
